<?xml version="1.0" encoding="UTF-8" ?>
<testsuite failures="0" time="4.615" errors="8" skipped="0" tests="10" name="fhkoeln.edb.nftool.ExerciseIntegrationTest">
  <properties>
[...]
</properties>
  <testcase time="4.203" classname="fhkoeln.edb.nftool.ExerciseIntegrationTest" name="testMarkerMethod"/>
  <testcase time="0.009" classname="fhkoeln.edb.nftool.ExerciseIntegrationTest" name="testTest"/>
  <testcase time="0.029" classname="fhkoeln.edb.nftool.ExerciseIntegrationTest" name="testCountExercises">
    <error message="Error creating bean with name &apos;fhkoeln.edb.nftool.Exercise&apos;: Injection of autowired dependencies failed; nested exception is org.springframework.beans.factory.BeanCreationException: Could not autowire field: fhkoeln.edb.nftool.service.InternationalizationService fhkoeln.edb.nftool.Exercise.i18nService; nested exception is org.springframework.beans.factory.NoSuchBeanDefinitionException: No matching bean of type [fhkoeln.edb.nftool.service.InternationalizationService] found for dependency: expected at least 1 bean which qualifies as autowire candidate for this dependency. Dependency annotations: {@org.springframework.beans.factory.annotation.Autowired(required=true), @javax.persistence.Transient()}" type="org.springframework.beans.factory.BeanCreationException">org.springframework.beans.factory.BeanCreationException: Error creating bean with name &apos;fhkoeln.edb.nftool.Exercise&apos;: Injection of autowired dependencies failed; nested exception is org.springframework.beans.factory.BeanCreationException: Could not autowire field: fhkoeln.edb.nftool.service.InternationalizationService fhkoeln.edb.nftool.Exercise.i18nService; nested exception is org.springframework.beans.factory.NoSuchBeanDefinitionException: No matching bean of type [fhkoeln.edb.nftool.service.InternationalizationService] found for dependency: expected at least 1 bean which qualifies as autowire candidate for this dependency. Dependency annotations: {@org.springframework.beans.factory.annotation.Autowired(required=true), @javax.persistence.Transient()}
	at org.springframework.beans.factory.annotation.AutowiredAnnotationBeanPostProcessor.postProcessPropertyValues(AutowiredAnnotationBeanPostProcessor.java:285)
	at org.springframework.beans.factory.support.AbstractAutowireCapableBeanFactory.populateBean(AbstractAutowireCapableBeanFactory.java:1074)
	at org.springframework.beans.factory.support.AbstractAutowireCapableBeanFactory.autowireBeanProperties(AbstractAutowireCapableBeanFactory.java:374)
	at org.springframework.beans.factory.wiring.BeanConfigurerSupport.configureBean(BeanConfigurerSupport.java:140)
	at org.springframework.beans.factory.aspectj.AnnotationBeanConfigurerAspect.configureBean(AnnotationBeanConfigurerAspect.aj:59)
	at org.springframework.beans.factory.aspectj.AbstractDependencyInjectionAspect.ajc$afterReturning$org_springframework_beans_factory_aspectj_AbstractDependencyInjectionAspect$2$1ea6722c(AbstractDependencyInjectionAspect.aj:89)
	at fhkoeln.edb.nftool.Exercise.&lt;init&gt;(Exercise.java:29)
	at fhkoeln.edb.nftool.Exercise_Roo_Entity.entityManager_aroundBody0(Exercise_Roo_Entity.aj:87)
	at fhkoeln.edb.nftool.Exercise_Roo_Entity.ajc$interMethod$fhkoeln_edb_nftool_Exercise_Roo_Entity$fhkoeln_edb_nftool_Exercise$entityManager(Exercise_Roo_Entity.aj:1)
	at fhkoeln.edb.nftool.Exercise.entityManager(Exercise.java:1)
	at fhkoeln.edb.nftool.Exercise_Roo_Entity.ajc$interMethodDispatch1$fhkoeln_edb_nftool_Exercise_Roo_Entity$fhkoeln_edb_nftool_Exercise$entityManager(Exercise_Roo_Entity.aj)
	at fhkoeln.edb.nftool.Exercise_Roo_Entity.findExerciseEntries_aroundBody8(Exercise_Roo_Entity.aj:106)
	at fhkoeln.edb.nftool.Exercise_Roo_Entity.ajc$interMethod$fhkoeln_edb_nftool_Exercise_Roo_Entity$fhkoeln_edb_nftool_Exercise$findExerciseEntries(Exercise_Roo_Entity.aj:1)
	at fhkoeln.edb.nftool.Exercise.findExerciseEntries(Exercise.java:1)
	at fhkoeln.edb.nftool.Exercise_Roo_Entity.ajc$interMethodDispatch1$fhkoeln_edb_nftool_Exercise_Roo_Entity$fhkoeln_edb_nftool_Exercise$findExerciseEntries(Exercise_Roo_Entity.aj)
	at fhkoeln.edb.nftool.ExerciseDataOnDemand_Roo_DataOnDemand.ajc$interMethod$fhkoeln_edb_nftool_ExerciseDataOnDemand_Roo_DataOnDemand$fhkoeln_edb_nftool_ExerciseDataOnDemand$init(ExerciseDataOnDemand_Roo_DataOnDemand.aj:45)
	at fhkoeln.edb.nftool.ExerciseDataOnDemand.init(ExerciseDataOnDemand.java:1)
	at fhkoeln.edb.nftool.ExerciseDataOnDemand_Roo_DataOnDemand.ajc$interMethodDispatch1$fhkoeln_edb_nftool_ExerciseDataOnDemand_Roo_DataOnDemand$fhkoeln_edb_nftool_ExerciseDataOnDemand$init(ExerciseDataOnDemand_Roo_DataOnDemand.aj)
	at fhkoeln.edb.nftool.ExerciseDataOnDemand_Roo_DataOnDemand.ajc$interMethod$fhkoeln_edb_nftool_ExerciseDataOnDemand_Roo_DataOnDemand$fhkoeln_edb_nftool_ExerciseDataOnDemand$getRandomExercise(ExerciseDataOnDemand_Roo_DataOnDemand.aj:35)
	at fhkoeln.edb.nftool.ExerciseDataOnDemand.getRandomExercise(ExerciseDataOnDemand.java:1)
	at fhkoeln.edb.nftool.ExerciseDataOnDemand_Roo_DataOnDemand.ajc$interMethodDispatch1$fhkoeln_edb_nftool_ExerciseDataOnDemand_Roo_DataOnDemand$fhkoeln_edb_nftool_ExerciseDataOnDemand$getRandomExercise(ExerciseDataOnDemand_Roo_DataOnDemand.aj)
	at fhkoeln.edb.nftool.ExerciseIntegrationTest_Roo_IntegrationTest.ajc$interMethod$fhkoeln_edb_nftool_ExerciseIntegrationTest_Roo_IntegrationTest$fhkoeln_edb_nftool_ExerciseIntegrationTest$testCountExercises(ExerciseIntegrationTest_Roo_IntegrationTest.aj:27)
	at fhkoeln.edb.nftool.ExerciseIntegrationTest.testCountExercises(ExerciseIntegrationTest.java:1)
	at sun.reflect.NativeMethodAccessorImpl.invoke0(Native Method)
	at sun.reflect.NativeMethodAccessorImpl.invoke(NativeMethodAccessorImpl.java:39)
	at sun.reflect.DelegatingMethodAccessorImpl.invoke(DelegatingMethodAccessorImpl.java:25)
	at java.lang.reflect.Method.invoke(Method.java:597)
	at org.junit.runners.model.FrameworkMethod$1.runReflectiveCall(FrameworkMethod.java:44)
	at org.junit.internal.runners.model.ReflectiveCallable.run(ReflectiveCallable.java:15)
	at org.junit.runners.model.FrameworkMethod.invokeExplosively(FrameworkMethod.java:41)
	at org.junit.internal.runners.statements.InvokeMethod.evaluate(InvokeMethod.java:20)
	at org.springframework.test.context.junit4.statements.RunBeforeTestMethodCallbacks.evaluate(RunBeforeTestMethodCallbacks.java:74)
	at org.springframework.test.context.junit4.statements.RunAfterTestMethodCallbacks.evaluate(RunAfterTestMethodCallbacks.java:82)
	at org.springframework.test.context.junit4.statements.SpringRepeat.evaluate(SpringRepeat.java:72)
	at org.springframework.test.context.junit4.SpringJUnit4ClassRunner.runChild(SpringJUnit4ClassRunner.java:240)
	at org.junit.runners.BlockJUnit4ClassRunner.runChild(BlockJUnit4ClassRunner.java:50)
	at org.junit.runners.ParentRunner$3.run(ParentRunner.java:193)
	at org.junit.runners.ParentRunner$1.schedule(ParentRunner.java:52)
	at org.junit.runners.ParentRunner.runChildren(ParentRunner.java:191)
	at org.junit.runners.ParentRunner.access$000(ParentRunner.java:42)
	at org.junit.runners.ParentRunner$2.evaluate(ParentRunner.java:184)
	at org.springframework.test.context.junit4.statements.RunBeforeTestClassCallbacks.evaluate(RunBeforeTestClassCallbacks.java:61)
	at org.springframework.test.context.junit4.statements.RunAfterTestClassCallbacks.evaluate(RunAfterTestClassCallbacks.java:70)
	at org.junit.runners.ParentRunner.run(ParentRunner.java:236)
	at org.springframework.test.context.junit4.SpringJUnit4ClassRunner.run(SpringJUnit4ClassRunner.java:180)
	at org.apache.maven.surefire.junit4.JUnit4TestSet.execute(JUnit4TestSet.java:59)
	at org.apache.maven.surefire.suite.AbstractDirectoryTestSuite.executeTestSet(AbstractDirectoryTestSuite.java:115)
	at org.apache.maven.surefire.suite.AbstractDirectoryTestSuite.execute(AbstractDirectoryTestSuite.java:102)
	at org.apache.maven.surefire.Surefire.run(Surefire.java:180)
	at sun.reflect.NativeMethodAccessorImpl.invoke0(Native Method)
	at sun.reflect.NativeMethodAccessorImpl.invoke(NativeMethodAccessorImpl.java:39)
	at sun.reflect.DelegatingMethodAccessorImpl.invoke(DelegatingMethodAccessorImpl.java:25)
	at java.lang.reflect.Method.invoke(Method.java:597)
	at org.apache.maven.surefire.booter.SurefireBooter.runSuitesInProcess(SurefireBooter.java:350)
	at org.apache.maven.surefire.booter.SurefireBooter.main(SurefireBooter.java:1021)
Caused by: org.springframework.beans.factory.BeanCreationException: Could not autowire field: fhkoeln.edb.nftool.service.InternationalizationService fhkoeln.edb.nftool.Exercise.i18nService; nested exception is org.springframework.beans.factory.NoSuchBeanDefinitionException: No matching bean of type [fhkoeln.edb.nftool.service.InternationalizationService] found for dependency: expected at least 1 bean which qualifies as autowire candidate for this dependency. Dependency annotations: {@org.springframework.beans.factory.annotation.Autowired(required=true), @javax.persistence.Transient()}
	at org.springframework.beans.factory.annotation.AutowiredAnnotationBeanPostProcessor$AutowiredFieldElement.inject(AutowiredAnnotationBeanPostProcessor.java:502)
	at org.springframework.beans.factory.annotation.InjectionMetadata.inject(InjectionMetadata.java:84)
	at org.springframework.beans.factory.annotation.AutowiredAnnotationBeanPostProcessor.postProcessPropertyValues(AutowiredAnnotationBeanPostProcessor.java:282)
	... 54 more
Caused by: org.springframework.beans.factory.NoSuchBeanDefinitionException: No matching bean of type [fhkoeln.edb.nftool.service.InternationalizationService] found for dependency: expected at least 1 bean which qualifies as autowire candidate for this dependency. Dependency annotations: {@org.springframework.beans.factory.annotation.Autowired(required=true), @javax.persistence.Transient()}
	at org.springframework.beans.factory.support.DefaultListableBeanFactory.raiseNoSuchBeanDefinitionException(DefaultListableBeanFactory.java:920)
	at org.springframework.beans.factory.support.DefaultListableBeanFactory.doResolveDependency(DefaultListableBeanFactory.java:789)
	at org.springframework.beans.factory.support.DefaultListableBeanFactory.resolveDependency(DefaultListableBeanFactory.java:703)
	at org.springframework.beans.factory.annotation.AutowiredAnnotationBeanPostProcessor$AutowiredFieldElement.inject(AutowiredAnnotationBeanPostProcessor.java:474)
	... 56 more
</error>
  </testcase>
  <testcase time="0.01" classname="fhkoeln.edb.nftool.ExerciseIntegrationTest" name="testFindExercise">
    <error message="Error creating bean with name &apos;fhkoeln.edb.nftool.Exercise&apos;: Injection of autowired dependencies failed; nested exception is org.springframework.beans.factory.BeanCreationException: Could not autowire field: fhkoeln.edb.nftool.service.InternationalizationService fhkoeln.edb.nftool.Exercise.i18nService; nested exception is org.springframework.beans.factory.NoSuchBeanDefinitionException: No matching bean of type [fhkoeln.edb.nftool.service.InternationalizationService] found for dependency: expected at least 1 bean which qualifies as autowire candidate for this dependency. Dependency annotations: {@org.springframework.beans.factory.annotation.Autowired(required=true), @javax.persistence.Transient()}" type="org.springframework.beans.factory.BeanCreationException">org.springframework.beans.factory.BeanCreationException: Error creating bean with name &apos;fhkoeln.edb.nftool.Exercise&apos;: Injection of autowired dependencies failed; nested exception is org.springframework.beans.factory.BeanCreationException: Could not autowire field: fhkoeln.edb.nftool.service.InternationalizationService fhkoeln.edb.nftool.Exercise.i18nService; nested exception is org.springframework.beans.factory.NoSuchBeanDefinitionException: No matching bean of type [fhkoeln.edb.nftool.service.InternationalizationService] found for dependency: expected at least 1 bean which qualifies as autowire candidate for this dependency. Dependency annotations: {@org.springframework.beans.factory.annotation.Autowired(required=true), @javax.persistence.Transient()}
	at org.springframework.beans.factory.annotation.AutowiredAnnotationBeanPostProcessor.postProcessPropertyValues(AutowiredAnnotationBeanPostProcessor.java:285)
	at org.springframework.beans.factory.support.AbstractAutowireCapableBeanFactory.populateBean(AbstractAutowireCapableBeanFactory.java:1074)
	at org.springframework.beans.factory.support.AbstractAutowireCapableBeanFactory.autowireBeanProperties(AbstractAutowireCapableBeanFactory.java:374)
	at org.springframework.beans.factory.wiring.BeanConfigurerSupport.configureBean(BeanConfigurerSupport.java:140)
	at org.springframework.beans.factory.aspectj.AnnotationBeanConfigurerAspect.configureBean(AnnotationBeanConfigurerAspect.aj:59)
	at org.springframework.beans.factory.aspectj.AbstractDependencyInjectionAspect.ajc$afterReturning$org_springframework_beans_factory_aspectj_AbstractDependencyInjectionAspect$2$1ea6722c(AbstractDependencyInjectionAspect.aj:89)
	at fhkoeln.edb.nftool.Exercise.&lt;init&gt;(Exercise.java:29)
	at fhkoeln.edb.nftool.Exercise_Roo_Entity.entityManager_aroundBody0(Exercise_Roo_Entity.aj:87)
	at fhkoeln.edb.nftool.Exercise_Roo_Entity.ajc$interMethod$fhkoeln_edb_nftool_Exercise_Roo_Entity$fhkoeln_edb_nftool_Exercise$entityManager(Exercise_Roo_Entity.aj:1)
	at fhkoeln.edb.nftool.Exercise.entityManager(Exercise.java:1)
	at fhkoeln.edb.nftool.Exercise_Roo_Entity.ajc$interMethodDispatch1$fhkoeln_edb_nftool_Exercise_Roo_Entity$fhkoeln_edb_nftool_Exercise$entityManager(Exercise_Roo_Entity.aj)
	at fhkoeln.edb.nftool.Exercise_Roo_Entity.findExerciseEntries_aroundBody8(Exercise_Roo_Entity.aj:106)
	at fhkoeln.edb.nftool.Exercise_Roo_Entity.ajc$interMethod$fhkoeln_edb_nftool_Exercise_Roo_Entity$fhkoeln_edb_nftool_Exercise$findExerciseEntries(Exercise_Roo_Entity.aj:1)
	at fhkoeln.edb.nftool.Exercise.findExerciseEntries(Exercise.java:1)
	at fhkoeln.edb.nftool.Exercise_Roo_Entity.ajc$interMethodDispatch1$fhkoeln_edb_nftool_Exercise_Roo_Entity$fhkoeln_edb_nftool_Exercise$findExerciseEntries(Exercise_Roo_Entity.aj)
	at fhkoeln.edb.nftool.ExerciseDataOnDemand_Roo_DataOnDemand.ajc$interMethod$fhkoeln_edb_nftool_ExerciseDataOnDemand_Roo_DataOnDemand$fhkoeln_edb_nftool_ExerciseDataOnDemand$init(ExerciseDataOnDemand_Roo_DataOnDemand.aj:45)
	at fhkoeln.edb.nftool.ExerciseDataOnDemand.init(ExerciseDataOnDemand.java:1)
	at fhkoeln.edb.nftool.ExerciseDataOnDemand_Roo_DataOnDemand.ajc$interMethodDispatch1$fhkoeln_edb_nftool_ExerciseDataOnDemand_Roo_DataOnDemand$fhkoeln_edb_nftool_ExerciseDataOnDemand$init(ExerciseDataOnDemand_Roo_DataOnDemand.aj)
	at fhkoeln.edb.nftool.ExerciseDataOnDemand_Roo_DataOnDemand.ajc$interMethod$fhkoeln_edb_nftool_ExerciseDataOnDemand_Roo_DataOnDemand$fhkoeln_edb_nftool_ExerciseDataOnDemand$getRandomExercise(ExerciseDataOnDemand_Roo_DataOnDemand.aj:35)
	at fhkoeln.edb.nftool.ExerciseDataOnDemand.getRandomExercise(ExerciseDataOnDemand.java:1)
	at fhkoeln.edb.nftool.ExerciseDataOnDemand_Roo_DataOnDemand.ajc$interMethodDispatch1$fhkoeln_edb_nftool_ExerciseDataOnDemand_Roo_DataOnDemand$fhkoeln_edb_nftool_ExerciseDataOnDemand$getRandomExercise(ExerciseDataOnDemand_Roo_DataOnDemand.aj)
	at fhkoeln.edb.nftool.ExerciseIntegrationTest_Roo_IntegrationTest.ajc$interMethod$fhkoeln_edb_nftool_ExerciseIntegrationTest_Roo_IntegrationTest$fhkoeln_edb_nftool_ExerciseIntegrationTest$testFindExercise(ExerciseIntegrationTest_Roo_IntegrationTest.aj:34)
	at fhkoeln.edb.nftool.ExerciseIntegrationTest.testFindExercise(ExerciseIntegrationTest.java:1)
	at sun.reflect.NativeMethodAccessorImpl.invoke0(Native Method)
	at sun.reflect.NativeMethodAccessorImpl.invoke(NativeMethodAccessorImpl.java:39)
	at sun.reflect.DelegatingMethodAccessorImpl.invoke(DelegatingMethodAccessorImpl.java:25)
	at java.lang.reflect.Method.invoke(Method.java:597)
	at org.junit.runners.model.FrameworkMethod$1.runReflectiveCall(FrameworkMethod.java:44)
	at org.junit.internal.runners.model.ReflectiveCallable.run(ReflectiveCallable.java:15)
	at org.junit.runners.model.FrameworkMethod.invokeExplosively(FrameworkMethod.java:41)
	at org.junit.internal.runners.statements.InvokeMethod.evaluate(InvokeMethod.java:20)
	at org.springframework.test.context.junit4.statements.RunBeforeTestMethodCallbacks.evaluate(RunBeforeTestMethodCallbacks.java:74)
	at org.springframework.test.context.junit4.statements.RunAfterTestMethodCallbacks.evaluate(RunAfterTestMethodCallbacks.java:82)
	at org.springframework.test.context.junit4.statements.SpringRepeat.evaluate(SpringRepeat.java:72)
	at org.springframework.test.context.junit4.SpringJUnit4ClassRunner.runChild(SpringJUnit4ClassRunner.java:240)
	at org.junit.runners.BlockJUnit4ClassRunner.runChild(BlockJUnit4ClassRunner.java:50)
	at org.junit.runners.ParentRunner$3.run(ParentRunner.java:193)
	at org.junit.runners.ParentRunner$1.schedule(ParentRunner.java:52)
	at org.junit.runners.ParentRunner.runChildren(ParentRunner.java:191)
	at org.junit.runners.ParentRunner.access$000(ParentRunner.java:42)
	at org.junit.runners.ParentRunner$2.evaluate(ParentRunner.java:184)
	at org.springframework.test.context.junit4.statements.RunBeforeTestClassCallbacks.evaluate(RunBeforeTestClassCallbacks.java:61)
	at org.springframework.test.context.junit4.statements.RunAfterTestClassCallbacks.evaluate(RunAfterTestClassCallbacks.java:70)
	at org.junit.runners.ParentRunner.run(ParentRunner.java:236)
	at org.springframework.test.context.junit4.SpringJUnit4ClassRunner.run(SpringJUnit4ClassRunner.java:180)
	at org.apache.maven.surefire.junit4.JUnit4TestSet.execute(JUnit4TestSet.java:59)
	at org.apache.maven.surefire.suite.AbstractDirectoryTestSuite.executeTestSet(AbstractDirectoryTestSuite.java:115)
	at org.apache.maven.surefire.suite.AbstractDirectoryTestSuite.execute(AbstractDirectoryTestSuite.java:102)
	at org.apache.maven.surefire.Surefire.run(Surefire.java:180)
	at sun.reflect.NativeMethodAccessorImpl.invoke0(Native Method)
	at sun.reflect.NativeMethodAccessorImpl.invoke(NativeMethodAccessorImpl.java:39)
	at sun.reflect.DelegatingMethodAccessorImpl.invoke(DelegatingMethodAccessorImpl.java:25)
	at java.lang.reflect.Method.invoke(Method.java:597)
	at org.apache.maven.surefire.booter.SurefireBooter.runSuitesInProcess(SurefireBooter.java:350)
	at org.apache.maven.surefire.booter.SurefireBooter.main(SurefireBooter.java:1021)
Caused by: org.springframework.beans.factory.BeanCreationException: Could not autowire field: fhkoeln.edb.nftool.service.InternationalizationService fhkoeln.edb.nftool.Exercise.i18nService; nested exception is org.springframework.beans.factory.NoSuchBeanDefinitionException: No matching bean of type [fhkoeln.edb.nftool.service.InternationalizationService] found for dependency: expected at least 1 bean which qualifies as autowire candidate for this dependency. Dependency annotations: {@org.springframework.beans.factory.annotation.Autowired(required=true), @javax.persistence.Transient()}
	at org.springframework.beans.factory.annotation.AutowiredAnnotationBeanPostProcessor$AutowiredFieldElement.inject(AutowiredAnnotationBeanPostProcessor.java:502)
	at org.springframework.beans.factory.annotation.InjectionMetadata.inject(InjectionMetadata.java:84)
	at org.springframework.beans.factory.annotation.AutowiredAnnotationBeanPostProcessor.postProcessPropertyValues(AutowiredAnnotationBeanPostProcessor.java:282)
	... 54 more
Caused by: org.springframework.beans.factory.NoSuchBeanDefinitionException: No matching bean of type [fhkoeln.edb.nftool.service.InternationalizationService] found for dependency: expected at least 1 bean which qualifies as autowire candidate for this dependency. Dependency annotations: {@org.springframework.beans.factory.annotation.Autowired(required=true), @javax.persistence.Transient()}
	at org.springframework.beans.factory.support.DefaultListableBeanFactory.raiseNoSuchBeanDefinitionException(DefaultListableBeanFactory.java:920)
	at org.springframework.beans.factory.support.DefaultListableBeanFactory.doResolveDependency(DefaultListableBeanFactory.java:789)
	at org.springframework.beans.factory.support.DefaultListableBeanFactory.resolveDependency(DefaultListableBeanFactory.java:703)
	at org.springframework.beans.factory.annotation.AutowiredAnnotationBeanPostProcessor$AutowiredFieldElement.inject(AutowiredAnnotationBeanPostProcessor.java:474)
	... 56 more
</error>
  </testcase>
  <testcase time="0.007" classname="fhkoeln.edb.nftool.ExerciseIntegrationTest" name="testFindAllExercises">
    <error message="Error creating bean with name &apos;fhkoeln.edb.nftool.Exercise&apos;: Injection of autowired dependencies failed; nested exception is org.springframework.beans.factory.BeanCreationException: Could not autowire field: fhkoeln.edb.nftool.service.InternationalizationService fhkoeln.edb.nftool.Exercise.i18nService; nested exception is org.springframework.beans.factory.NoSuchBeanDefinitionException: No matching bean of type [fhkoeln.edb.nftool.service.InternationalizationService] found for dependency: expected at least 1 bean which qualifies as autowire candidate for this dependency. Dependency annotations: {@org.springframework.beans.factory.annotation.Autowired(required=true), @javax.persistence.Transient()}" type="org.springframework.beans.factory.BeanCreationException">org.springframework.beans.factory.BeanCreationException: Error creating bean with name &apos;fhkoeln.edb.nftool.Exercise&apos;: Injection of autowired dependencies failed; nested exception is org.springframework.beans.factory.BeanCreationException: Could not autowire field: fhkoeln.edb.nftool.service.InternationalizationService fhkoeln.edb.nftool.Exercise.i18nService; nested exception is org.springframework.beans.factory.NoSuchBeanDefinitionException: No matching bean of type [fhkoeln.edb.nftool.service.InternationalizationService] found for dependency: expected at least 1 bean which qualifies as autowire candidate for this dependency. Dependency annotations: {@org.springframework.beans.factory.annotation.Autowired(required=true), @javax.persistence.Transient()}
	at org.springframework.beans.factory.annotation.AutowiredAnnotationBeanPostProcessor.postProcessPropertyValues(AutowiredAnnotationBeanPostProcessor.java:285)
	at org.springframework.beans.factory.support.AbstractAutowireCapableBeanFactory.populateBean(AbstractAutowireCapableBeanFactory.java:1074)
	at org.springframework.beans.factory.support.AbstractAutowireCapableBeanFactory.autowireBeanProperties(AbstractAutowireCapableBeanFactory.java:374)
	at org.springframework.beans.factory.wiring.BeanConfigurerSupport.configureBean(BeanConfigurerSupport.java:140)
	at org.springframework.beans.factory.aspectj.AnnotationBeanConfigurerAspect.configureBean(AnnotationBeanConfigurerAspect.aj:59)
	at org.springframework.beans.factory.aspectj.AbstractDependencyInjectionAspect.ajc$afterReturning$org_springframework_beans_factory_aspectj_AbstractDependencyInjectionAspect$2$1ea6722c(AbstractDependencyInjectionAspect.aj:89)
	at fhkoeln.edb.nftool.Exercise.&lt;init&gt;(Exercise.java:29)
	at fhkoeln.edb.nftool.Exercise_Roo_Entity.entityManager_aroundBody0(Exercise_Roo_Entity.aj:87)
	at fhkoeln.edb.nftool.Exercise_Roo_Entity.ajc$interMethod$fhkoeln_edb_nftool_Exercise_Roo_Entity$fhkoeln_edb_nftool_Exercise$entityManager(Exercise_Roo_Entity.aj:1)
	at fhkoeln.edb.nftool.Exercise.entityManager(Exercise.java:1)
	at fhkoeln.edb.nftool.Exercise_Roo_Entity.ajc$interMethodDispatch1$fhkoeln_edb_nftool_Exercise_Roo_Entity$fhkoeln_edb_nftool_Exercise$entityManager(Exercise_Roo_Entity.aj)
	at fhkoeln.edb.nftool.Exercise_Roo_Entity.findExerciseEntries_aroundBody8(Exercise_Roo_Entity.aj:106)
	at fhkoeln.edb.nftool.Exercise_Roo_Entity.ajc$interMethod$fhkoeln_edb_nftool_Exercise_Roo_Entity$fhkoeln_edb_nftool_Exercise$findExerciseEntries(Exercise_Roo_Entity.aj:1)
	at fhkoeln.edb.nftool.Exercise.findExerciseEntries(Exercise.java:1)
	at fhkoeln.edb.nftool.Exercise_Roo_Entity.ajc$interMethodDispatch1$fhkoeln_edb_nftool_Exercise_Roo_Entity$fhkoeln_edb_nftool_Exercise$findExerciseEntries(Exercise_Roo_Entity.aj)
	at fhkoeln.edb.nftool.ExerciseDataOnDemand_Roo_DataOnDemand.ajc$interMethod$fhkoeln_edb_nftool_ExerciseDataOnDemand_Roo_DataOnDemand$fhkoeln_edb_nftool_ExerciseDataOnDemand$init(ExerciseDataOnDemand_Roo_DataOnDemand.aj:45)
	at fhkoeln.edb.nftool.ExerciseDataOnDemand.init(ExerciseDataOnDemand.java:1)
	at fhkoeln.edb.nftool.ExerciseDataOnDemand_Roo_DataOnDemand.ajc$interMethodDispatch1$fhkoeln_edb_nftool_ExerciseDataOnDemand_Roo_DataOnDemand$fhkoeln_edb_nftool_ExerciseDataOnDemand$init(ExerciseDataOnDemand_Roo_DataOnDemand.aj)
	at fhkoeln.edb.nftool.ExerciseDataOnDemand_Roo_DataOnDemand.ajc$interMethod$fhkoeln_edb_nftool_ExerciseDataOnDemand_Roo_DataOnDemand$fhkoeln_edb_nftool_ExerciseDataOnDemand$getRandomExercise(ExerciseDataOnDemand_Roo_DataOnDemand.aj:35)
	at fhkoeln.edb.nftool.ExerciseDataOnDemand.getRandomExercise(ExerciseDataOnDemand.java:1)
	at fhkoeln.edb.nftool.ExerciseDataOnDemand_Roo_DataOnDemand.ajc$interMethodDispatch1$fhkoeln_edb_nftool_ExerciseDataOnDemand_Roo_DataOnDemand$fhkoeln_edb_nftool_ExerciseDataOnDemand$getRandomExercise(ExerciseDataOnDemand_Roo_DataOnDemand.aj)
	at fhkoeln.edb.nftool.ExerciseIntegrationTest_Roo_IntegrationTest.ajc$interMethod$fhkoeln_edb_nftool_ExerciseIntegrationTest_Roo_IntegrationTest$fhkoeln_edb_nftool_ExerciseIntegrationTest$testFindAllExercises(ExerciseIntegrationTest_Roo_IntegrationTest.aj:45)
	at fhkoeln.edb.nftool.ExerciseIntegrationTest.testFindAllExercises(ExerciseIntegrationTest.java:1)
	at sun.reflect.NativeMethodAccessorImpl.invoke0(Native Method)
	at sun.reflect.NativeMethodAccessorImpl.invoke(NativeMethodAccessorImpl.java:39)
	at sun.reflect.DelegatingMethodAccessorImpl.invoke(DelegatingMethodAccessorImpl.java:25)
	at java.lang.reflect.Method.invoke(Method.java:597)
	at org.junit.runners.model.FrameworkMethod$1.runReflectiveCall(FrameworkMethod.java:44)
	at org.junit.internal.runners.model.ReflectiveCallable.run(ReflectiveCallable.java:15)
	at org.junit.runners.model.FrameworkMethod.invokeExplosively(FrameworkMethod.java:41)
	at org.junit.internal.runners.statements.InvokeMethod.evaluate(InvokeMethod.java:20)
	at org.springframework.test.context.junit4.statements.RunBeforeTestMethodCallbacks.evaluate(RunBeforeTestMethodCallbacks.java:74)
	at org.springframework.test.context.junit4.statements.RunAfterTestMethodCallbacks.evaluate(RunAfterTestMethodCallbacks.java:82)
	at org.springframework.test.context.junit4.statements.SpringRepeat.evaluate(SpringRepeat.java:72)
	at org.springframework.test.context.junit4.SpringJUnit4ClassRunner.runChild(SpringJUnit4ClassRunner.java:240)
	at org.junit.runners.BlockJUnit4ClassRunner.runChild(BlockJUnit4ClassRunner.java:50)
	at org.junit.runners.ParentRunner$3.run(ParentRunner.java:193)
	at org.junit.runners.ParentRunner$1.schedule(ParentRunner.java:52)
	at org.junit.runners.ParentRunner.runChildren(ParentRunner.java:191)
	at org.junit.runners.ParentRunner.access$000(ParentRunner.java:42)
	at org.junit.runners.ParentRunner$2.evaluate(ParentRunner.java:184)
	at org.springframework.test.context.junit4.statements.RunBeforeTestClassCallbacks.evaluate(RunBeforeTestClassCallbacks.java:61)
	at org.springframework.test.context.junit4.statements.RunAfterTestClassCallbacks.evaluate(RunAfterTestClassCallbacks.java:70)
	at org.junit.runners.ParentRunner.run(ParentRunner.java:236)
	at org.springframework.test.context.junit4.SpringJUnit4ClassRunner.run(SpringJUnit4ClassRunner.java:180)
	at org.apache.maven.surefire.junit4.JUnit4TestSet.execute(JUnit4TestSet.java:59)
	at org.apache.maven.surefire.suite.AbstractDirectoryTestSuite.executeTestSet(AbstractDirectoryTestSuite.java:115)
	at org.apache.maven.surefire.suite.AbstractDirectoryTestSuite.execute(AbstractDirectoryTestSuite.java:102)
	at org.apache.maven.surefire.Surefire.run(Surefire.java:180)
	at sun.reflect.NativeMethodAccessorImpl.invoke0(Native Method)
	at sun.reflect.NativeMethodAccessorImpl.invoke(NativeMethodAccessorImpl.java:39)
	at sun.reflect.DelegatingMethodAccessorImpl.invoke(DelegatingMethodAccessorImpl.java:25)
	at java.lang.reflect.Method.invoke(Method.java:597)
	at org.apache.maven.surefire.booter.SurefireBooter.runSuitesInProcess(SurefireBooter.java:350)
	at org.apache.maven.surefire.booter.SurefireBooter.main(SurefireBooter.java:1021)
Caused by: org.springframework.beans.factory.BeanCreationException: Could not autowire field: fhkoeln.edb.nftool.service.InternationalizationService fhkoeln.edb.nftool.Exercise.i18nService; nested exception is org.springframework.beans.factory.NoSuchBeanDefinitionException: No matching bean of type [fhkoeln.edb.nftool.service.InternationalizationService] found for dependency: expected at least 1 bean which qualifies as autowire candidate for this dependency. Dependency annotations: {@org.springframework.beans.factory.annotation.Autowired(required=true), @javax.persistence.Transient()}
	at org.springframework.beans.factory.annotation.AutowiredAnnotationBeanPostProcessor$AutowiredFieldElement.inject(AutowiredAnnotationBeanPostProcessor.java:502)
	at org.springframework.beans.factory.annotation.InjectionMetadata.inject(InjectionMetadata.java:84)
	at org.springframework.beans.factory.annotation.AutowiredAnnotationBeanPostProcessor.postProcessPropertyValues(AutowiredAnnotationBeanPostProcessor.java:282)
	... 54 more
Caused by: org.springframework.beans.factory.NoSuchBeanDefinitionException: No matching bean of type [fhkoeln.edb.nftool.service.InternationalizationService] found for dependency: expected at least 1 bean which qualifies as autowire candidate for this dependency. Dependency annotations: {@org.springframework.beans.factory.annotation.Autowired(required=true), @javax.persistence.Transient()}
	at org.springframework.beans.factory.support.DefaultListableBeanFactory.raiseNoSuchBeanDefinitionException(DefaultListableBeanFactory.java:920)
	at org.springframework.beans.factory.support.DefaultListableBeanFactory.doResolveDependency(DefaultListableBeanFactory.java:789)
	at org.springframework.beans.factory.support.DefaultListableBeanFactory.resolveDependency(DefaultListableBeanFactory.java:703)
	at org.springframework.beans.factory.annotation.AutowiredAnnotationBeanPostProcessor$AutowiredFieldElement.inject(AutowiredAnnotationBeanPostProcessor.java:474)
	... 56 more
</error>
  </testcase>
  <testcase time="0.004" classname="fhkoeln.edb.nftool.ExerciseIntegrationTest" name="testFindExerciseEntries">
    <error message="Error creating bean with name &apos;fhkoeln.edb.nftool.Exercise&apos;: Injection of autowired dependencies failed; nested exception is org.springframework.beans.factory.BeanCreationException: Could not autowire field: fhkoeln.edb.nftool.service.InternationalizationService fhkoeln.edb.nftool.Exercise.i18nService; nested exception is org.springframework.beans.factory.NoSuchBeanDefinitionException: No matching bean of type [fhkoeln.edb.nftool.service.InternationalizationService] found for dependency: expected at least 1 bean which qualifies as autowire candidate for this dependency. Dependency annotations: {@org.springframework.beans.factory.annotation.Autowired(required=true), @javax.persistence.Transient()}" type="org.springframework.beans.factory.BeanCreationException">org.springframework.beans.factory.BeanCreationException: Error creating bean with name &apos;fhkoeln.edb.nftool.Exercise&apos;: Injection of autowired dependencies failed; nested exception is org.springframework.beans.factory.BeanCreationException: Could not autowire field: fhkoeln.edb.nftool.service.InternationalizationService fhkoeln.edb.nftool.Exercise.i18nService; nested exception is org.springframework.beans.factory.NoSuchBeanDefinitionException: No matching bean of type [fhkoeln.edb.nftool.service.InternationalizationService] found for dependency: expected at least 1 bean which qualifies as autowire candidate for this dependency. Dependency annotations: {@org.springframework.beans.factory.annotation.Autowired(required=true), @javax.persistence.Transient()}
	at org.springframework.beans.factory.annotation.AutowiredAnnotationBeanPostProcessor.postProcessPropertyValues(AutowiredAnnotationBeanPostProcessor.java:285)
	at org.springframework.beans.factory.support.AbstractAutowireCapableBeanFactory.populateBean(AbstractAutowireCapableBeanFactory.java:1074)
	at org.springframework.beans.factory.support.AbstractAutowireCapableBeanFactory.autowireBeanProperties(AbstractAutowireCapableBeanFactory.java:374)
	at org.springframework.beans.factory.wiring.BeanConfigurerSupport.configureBean(BeanConfigurerSupport.java:140)
	at org.springframework.beans.factory.aspectj.AnnotationBeanConfigurerAspect.configureBean(AnnotationBeanConfigurerAspect.aj:59)
	at org.springframework.beans.factory.aspectj.AbstractDependencyInjectionAspect.ajc$afterReturning$org_springframework_beans_factory_aspectj_AbstractDependencyInjectionAspect$2$1ea6722c(AbstractDependencyInjectionAspect.aj:89)
	at fhkoeln.edb.nftool.Exercise.&lt;init&gt;(Exercise.java:29)
	at fhkoeln.edb.nftool.Exercise_Roo_Entity.entityManager_aroundBody0(Exercise_Roo_Entity.aj:87)
	at fhkoeln.edb.nftool.Exercise_Roo_Entity.ajc$interMethod$fhkoeln_edb_nftool_Exercise_Roo_Entity$fhkoeln_edb_nftool_Exercise$entityManager(Exercise_Roo_Entity.aj:1)
	at fhkoeln.edb.nftool.Exercise.entityManager(Exercise.java:1)
	at fhkoeln.edb.nftool.Exercise_Roo_Entity.ajc$interMethodDispatch1$fhkoeln_edb_nftool_Exercise_Roo_Entity$fhkoeln_edb_nftool_Exercise$entityManager(Exercise_Roo_Entity.aj)
	at fhkoeln.edb.nftool.Exercise_Roo_Entity.findExerciseEntries_aroundBody8(Exercise_Roo_Entity.aj:106)
	at fhkoeln.edb.nftool.Exercise_Roo_Entity.ajc$interMethod$fhkoeln_edb_nftool_Exercise_Roo_Entity$fhkoeln_edb_nftool_Exercise$findExerciseEntries(Exercise_Roo_Entity.aj:1)
	at fhkoeln.edb.nftool.Exercise.findExerciseEntries(Exercise.java:1)
	at fhkoeln.edb.nftool.Exercise_Roo_Entity.ajc$interMethodDispatch1$fhkoeln_edb_nftool_Exercise_Roo_Entity$fhkoeln_edb_nftool_Exercise$findExerciseEntries(Exercise_Roo_Entity.aj)
	at fhkoeln.edb.nftool.ExerciseDataOnDemand_Roo_DataOnDemand.ajc$interMethod$fhkoeln_edb_nftool_ExerciseDataOnDemand_Roo_DataOnDemand$fhkoeln_edb_nftool_ExerciseDataOnDemand$init(ExerciseDataOnDemand_Roo_DataOnDemand.aj:45)
	at fhkoeln.edb.nftool.ExerciseDataOnDemand.init(ExerciseDataOnDemand.java:1)
	at fhkoeln.edb.nftool.ExerciseDataOnDemand_Roo_DataOnDemand.ajc$interMethodDispatch1$fhkoeln_edb_nftool_ExerciseDataOnDemand_Roo_DataOnDemand$fhkoeln_edb_nftool_ExerciseDataOnDemand$init(ExerciseDataOnDemand_Roo_DataOnDemand.aj)
	at fhkoeln.edb.nftool.ExerciseDataOnDemand_Roo_DataOnDemand.ajc$interMethod$fhkoeln_edb_nftool_ExerciseDataOnDemand_Roo_DataOnDemand$fhkoeln_edb_nftool_ExerciseDataOnDemand$getRandomExercise(ExerciseDataOnDemand_Roo_DataOnDemand.aj:35)
	at fhkoeln.edb.nftool.ExerciseDataOnDemand.getRandomExercise(ExerciseDataOnDemand.java:1)
	at fhkoeln.edb.nftool.ExerciseDataOnDemand_Roo_DataOnDemand.ajc$interMethodDispatch1$fhkoeln_edb_nftool_ExerciseDataOnDemand_Roo_DataOnDemand$fhkoeln_edb_nftool_ExerciseDataOnDemand$getRandomExercise(ExerciseDataOnDemand_Roo_DataOnDemand.aj)
	at fhkoeln.edb.nftool.ExerciseIntegrationTest_Roo_IntegrationTest.ajc$interMethod$fhkoeln_edb_nftool_ExerciseIntegrationTest_Roo_IntegrationTest$fhkoeln_edb_nftool_ExerciseIntegrationTest$testFindExerciseEntries(ExerciseIntegrationTest_Roo_IntegrationTest.aj:55)
	at fhkoeln.edb.nftool.ExerciseIntegrationTest.testFindExerciseEntries(ExerciseIntegrationTest.java:1)
	at sun.reflect.NativeMethodAccessorImpl.invoke0(Native Method)
	at sun.reflect.NativeMethodAccessorImpl.invoke(NativeMethodAccessorImpl.java:39)
	at sun.reflect.DelegatingMethodAccessorImpl.invoke(DelegatingMethodAccessorImpl.java:25)
	at java.lang.reflect.Method.invoke(Method.java:597)
	at org.junit.runners.model.FrameworkMethod$1.runReflectiveCall(FrameworkMethod.java:44)
	at org.junit.internal.runners.model.ReflectiveCallable.run(ReflectiveCallable.java:15)
	at org.junit.runners.model.FrameworkMethod.invokeExplosively(FrameworkMethod.java:41)
	at org.junit.internal.runners.statements.InvokeMethod.evaluate(InvokeMethod.java:20)
	at org.springframework.test.context.junit4.statements.RunBeforeTestMethodCallbacks.evaluate(RunBeforeTestMethodCallbacks.java:74)
	at org.springframework.test.context.junit4.statements.RunAfterTestMethodCallbacks.evaluate(RunAfterTestMethodCallbacks.java:82)
	at org.springframework.test.context.junit4.statements.SpringRepeat.evaluate(SpringRepeat.java:72)
	at org.springframework.test.context.junit4.SpringJUnit4ClassRunner.runChild(SpringJUnit4ClassRunner.java:240)
	at org.junit.runners.BlockJUnit4ClassRunner.runChild(BlockJUnit4ClassRunner.java:50)
	at org.junit.runners.ParentRunner$3.run(ParentRunner.java:193)
	at org.junit.runners.ParentRunner$1.schedule(ParentRunner.java:52)
	at org.junit.runners.ParentRunner.runChildren(ParentRunner.java:191)
	at org.junit.runners.ParentRunner.access$000(ParentRunner.java:42)
	at org.junit.runners.ParentRunner$2.evaluate(ParentRunner.java:184)
	at org.springframework.test.context.junit4.statements.RunBeforeTestClassCallbacks.evaluate(RunBeforeTestClassCallbacks.java:61)
	at org.springframework.test.context.junit4.statements.RunAfterTestClassCallbacks.evaluate(RunAfterTestClassCallbacks.java:70)
	at org.junit.runners.ParentRunner.run(ParentRunner.java:236)
	at org.springframework.test.context.junit4.SpringJUnit4ClassRunner.run(SpringJUnit4ClassRunner.java:180)
	at org.apache.maven.surefire.junit4.JUnit4TestSet.execute(JUnit4TestSet.java:59)
	at org.apache.maven.surefire.suite.AbstractDirectoryTestSuite.executeTestSet(AbstractDirectoryTestSuite.java:115)
	at org.apache.maven.surefire.suite.AbstractDirectoryTestSuite.execute(AbstractDirectoryTestSuite.java:102)
	at org.apache.maven.surefire.Surefire.run(Surefire.java:180)
	at sun.reflect.NativeMethodAccessorImpl.invoke0(Native Method)
	at sun.reflect.NativeMethodAccessorImpl.invoke(NativeMethodAccessorImpl.java:39)
	at sun.reflect.DelegatingMethodAccessorImpl.invoke(DelegatingMethodAccessorImpl.java:25)
	at java.lang.reflect.Method.invoke(Method.java:597)
	at org.apache.maven.surefire.booter.SurefireBooter.runSuitesInProcess(SurefireBooter.java:350)
	at org.apache.maven.surefire.booter.SurefireBooter.main(SurefireBooter.java:1021)
Caused by: org.springframework.beans.factory.BeanCreationException: Could not autowire field: fhkoeln.edb.nftool.service.InternationalizationService fhkoeln.edb.nftool.Exercise.i18nService; nested exception is org.springframework.beans.factory.NoSuchBeanDefinitionException: No matching bean of type [fhkoeln.edb.nftool.service.InternationalizationService] found for dependency: expected at least 1 bean which qualifies as autowire candidate for this dependency. Dependency annotations: {@org.springframework.beans.factory.annotation.Autowired(required=true), @javax.persistence.Transient()}
	at org.springframework.beans.factory.annotation.AutowiredAnnotationBeanPostProcessor$AutowiredFieldElement.inject(AutowiredAnnotationBeanPostProcessor.java:502)
	at org.springframework.beans.factory.annotation.InjectionMetadata.inject(InjectionMetadata.java:84)
	at org.springframework.beans.factory.annotation.AutowiredAnnotationBeanPostProcessor.postProcessPropertyValues(AutowiredAnnotationBeanPostProcessor.java:282)
	... 54 more
Caused by: org.springframework.beans.factory.NoSuchBeanDefinitionException: No matching bean of type [fhkoeln.edb.nftool.service.InternationalizationService] found for dependency: expected at least 1 bean which qualifies as autowire candidate for this dependency. Dependency annotations: {@org.springframework.beans.factory.annotation.Autowired(required=true), @javax.persistence.Transient()}
	at org.springframework.beans.factory.support.DefaultListableBeanFactory.raiseNoSuchBeanDefinitionException(DefaultListableBeanFactory.java:920)
	at org.springframework.beans.factory.support.DefaultListableBeanFactory.doResolveDependency(DefaultListableBeanFactory.java:789)
	at org.springframework.beans.factory.support.DefaultListableBeanFactory.resolveDependency(DefaultListableBeanFactory.java:703)
	at org.springframework.beans.factory.annotation.AutowiredAnnotationBeanPostProcessor$AutowiredFieldElement.inject(AutowiredAnnotationBeanPostProcessor.java:474)
	... 56 more
</error>
  </testcase>
  <testcase time="0.007" classname="fhkoeln.edb.nftool.ExerciseIntegrationTest" name="testFlush">
    <error message="Error creating bean with name &apos;fhkoeln.edb.nftool.Exercise&apos;: Injection of autowired dependencies failed; nested exception is org.springframework.beans.factory.BeanCreationException: Could not autowire field: fhkoeln.edb.nftool.service.InternationalizationService fhkoeln.edb.nftool.Exercise.i18nService; nested exception is org.springframework.beans.factory.NoSuchBeanDefinitionException: No matching bean of type [fhkoeln.edb.nftool.service.InternationalizationService] found for dependency: expected at least 1 bean which qualifies as autowire candidate for this dependency. Dependency annotations: {@org.springframework.beans.factory.annotation.Autowired(required=true), @javax.persistence.Transient()}" type="org.springframework.beans.factory.BeanCreationException">org.springframework.beans.factory.BeanCreationException: Error creating bean with name &apos;fhkoeln.edb.nftool.Exercise&apos;: Injection of autowired dependencies failed; nested exception is org.springframework.beans.factory.BeanCreationException: Could not autowire field: fhkoeln.edb.nftool.service.InternationalizationService fhkoeln.edb.nftool.Exercise.i18nService; nested exception is org.springframework.beans.factory.NoSuchBeanDefinitionException: No matching bean of type [fhkoeln.edb.nftool.service.InternationalizationService] found for dependency: expected at least 1 bean which qualifies as autowire candidate for this dependency. Dependency annotations: {@org.springframework.beans.factory.annotation.Autowired(required=true), @javax.persistence.Transient()}
	at org.springframework.beans.factory.annotation.AutowiredAnnotationBeanPostProcessor.postProcessPropertyValues(AutowiredAnnotationBeanPostProcessor.java:285)
	at org.springframework.beans.factory.support.AbstractAutowireCapableBeanFactory.populateBean(AbstractAutowireCapableBeanFactory.java:1074)
	at org.springframework.beans.factory.support.AbstractAutowireCapableBeanFactory.autowireBeanProperties(AbstractAutowireCapableBeanFactory.java:374)
	at org.springframework.beans.factory.wiring.BeanConfigurerSupport.configureBean(BeanConfigurerSupport.java:140)
	at org.springframework.beans.factory.aspectj.AnnotationBeanConfigurerAspect.configureBean(AnnotationBeanConfigurerAspect.aj:59)
	at org.springframework.beans.factory.aspectj.AbstractDependencyInjectionAspect.ajc$afterReturning$org_springframework_beans_factory_aspectj_AbstractDependencyInjectionAspect$2$1ea6722c(AbstractDependencyInjectionAspect.aj:89)
	at fhkoeln.edb.nftool.Exercise.&lt;init&gt;(Exercise.java:29)
	at fhkoeln.edb.nftool.Exercise_Roo_Entity.entityManager_aroundBody0(Exercise_Roo_Entity.aj:87)
	at fhkoeln.edb.nftool.Exercise_Roo_Entity.ajc$interMethod$fhkoeln_edb_nftool_Exercise_Roo_Entity$fhkoeln_edb_nftool_Exercise$entityManager(Exercise_Roo_Entity.aj:1)
	at fhkoeln.edb.nftool.Exercise.entityManager(Exercise.java:1)
	at fhkoeln.edb.nftool.Exercise_Roo_Entity.ajc$interMethodDispatch1$fhkoeln_edb_nftool_Exercise_Roo_Entity$fhkoeln_edb_nftool_Exercise$entityManager(Exercise_Roo_Entity.aj)
	at fhkoeln.edb.nftool.Exercise_Roo_Entity.findExerciseEntries_aroundBody8(Exercise_Roo_Entity.aj:106)
	at fhkoeln.edb.nftool.Exercise_Roo_Entity.ajc$interMethod$fhkoeln_edb_nftool_Exercise_Roo_Entity$fhkoeln_edb_nftool_Exercise$findExerciseEntries(Exercise_Roo_Entity.aj:1)
	at fhkoeln.edb.nftool.Exercise.findExerciseEntries(Exercise.java:1)
	at fhkoeln.edb.nftool.Exercise_Roo_Entity.ajc$interMethodDispatch1$fhkoeln_edb_nftool_Exercise_Roo_Entity$fhkoeln_edb_nftool_Exercise$findExerciseEntries(Exercise_Roo_Entity.aj)
	at fhkoeln.edb.nftool.ExerciseDataOnDemand_Roo_DataOnDemand.ajc$interMethod$fhkoeln_edb_nftool_ExerciseDataOnDemand_Roo_DataOnDemand$fhkoeln_edb_nftool_ExerciseDataOnDemand$init(ExerciseDataOnDemand_Roo_DataOnDemand.aj:45)
	at fhkoeln.edb.nftool.ExerciseDataOnDemand.init(ExerciseDataOnDemand.java:1)
	at fhkoeln.edb.nftool.ExerciseDataOnDemand_Roo_DataOnDemand.ajc$interMethodDispatch1$fhkoeln_edb_nftool_ExerciseDataOnDemand_Roo_DataOnDemand$fhkoeln_edb_nftool_ExerciseDataOnDemand$init(ExerciseDataOnDemand_Roo_DataOnDemand.aj)
	at fhkoeln.edb.nftool.ExerciseDataOnDemand_Roo_DataOnDemand.ajc$interMethod$fhkoeln_edb_nftool_ExerciseDataOnDemand_Roo_DataOnDemand$fhkoeln_edb_nftool_ExerciseDataOnDemand$getRandomExercise(ExerciseDataOnDemand_Roo_DataOnDemand.aj:35)
	at fhkoeln.edb.nftool.ExerciseDataOnDemand.getRandomExercise(ExerciseDataOnDemand.java:1)
	at fhkoeln.edb.nftool.ExerciseDataOnDemand_Roo_DataOnDemand.ajc$interMethodDispatch1$fhkoeln_edb_nftool_ExerciseDataOnDemand_Roo_DataOnDemand$fhkoeln_edb_nftool_ExerciseDataOnDemand$getRandomExercise(ExerciseDataOnDemand_Roo_DataOnDemand.aj)
	at fhkoeln.edb.nftool.ExerciseIntegrationTest_Roo_IntegrationTest.ajc$interMethod$fhkoeln_edb_nftool_ExerciseIntegrationTest_Roo_IntegrationTest$fhkoeln_edb_nftool_ExerciseIntegrationTest$testFlush(ExerciseIntegrationTest_Roo_IntegrationTest.aj:65)
	at fhkoeln.edb.nftool.ExerciseIntegrationTest.testFlush(ExerciseIntegrationTest.java:1)
	at sun.reflect.NativeMethodAccessorImpl.invoke0(Native Method)
	at sun.reflect.NativeMethodAccessorImpl.invoke(NativeMethodAccessorImpl.java:39)
	at sun.reflect.DelegatingMethodAccessorImpl.invoke(DelegatingMethodAccessorImpl.java:25)
	at java.lang.reflect.Method.invoke(Method.java:597)
	at org.junit.runners.model.FrameworkMethod$1.runReflectiveCall(FrameworkMethod.java:44)
	at org.junit.internal.runners.model.ReflectiveCallable.run(ReflectiveCallable.java:15)
	at org.junit.runners.model.FrameworkMethod.invokeExplosively(FrameworkMethod.java:41)
	at org.junit.internal.runners.statements.InvokeMethod.evaluate(InvokeMethod.java:20)
	at org.springframework.test.context.junit4.statements.RunBeforeTestMethodCallbacks.evaluate(RunBeforeTestMethodCallbacks.java:74)
	at org.springframework.test.context.junit4.statements.RunAfterTestMethodCallbacks.evaluate(RunAfterTestMethodCallbacks.java:82)
	at org.springframework.test.context.junit4.statements.SpringRepeat.evaluate(SpringRepeat.java:72)
	at org.springframework.test.context.junit4.SpringJUnit4ClassRunner.runChild(SpringJUnit4ClassRunner.java:240)
	at org.junit.runners.BlockJUnit4ClassRunner.runChild(BlockJUnit4ClassRunner.java:50)
	at org.junit.runners.ParentRunner$3.run(ParentRunner.java:193)
	at org.junit.runners.ParentRunner$1.schedule(ParentRunner.java:52)
	at org.junit.runners.ParentRunner.runChildren(ParentRunner.java:191)
	at org.junit.runners.ParentRunner.access$000(ParentRunner.java:42)
	at org.junit.runners.ParentRunner$2.evaluate(ParentRunner.java:184)
	at org.springframework.test.context.junit4.statements.RunBeforeTestClassCallbacks.evaluate(RunBeforeTestClassCallbacks.java:61)
	at org.springframework.test.context.junit4.statements.RunAfterTestClassCallbacks.evaluate(RunAfterTestClassCallbacks.java:70)
	at org.junit.runners.ParentRunner.run(ParentRunner.java:236)
	at org.springframework.test.context.junit4.SpringJUnit4ClassRunner.run(SpringJUnit4ClassRunner.java:180)
	at org.apache.maven.surefire.junit4.JUnit4TestSet.execute(JUnit4TestSet.java:59)
	at org.apache.maven.surefire.suite.AbstractDirectoryTestSuite.executeTestSet(AbstractDirectoryTestSuite.java:115)
	at org.apache.maven.surefire.suite.AbstractDirectoryTestSuite.execute(AbstractDirectoryTestSuite.java:102)
	at org.apache.maven.surefire.Surefire.run(Surefire.java:180)
	at sun.reflect.NativeMethodAccessorImpl.invoke0(Native Method)
	at sun.reflect.NativeMethodAccessorImpl.invoke(NativeMethodAccessorImpl.java:39)
	at sun.reflect.DelegatingMethodAccessorImpl.invoke(DelegatingMethodAccessorImpl.java:25)
	at java.lang.reflect.Method.invoke(Method.java:597)
	at org.apache.maven.surefire.booter.SurefireBooter.runSuitesInProcess(SurefireBooter.java:350)
	at org.apache.maven.surefire.booter.SurefireBooter.main(SurefireBooter.java:1021)
Caused by: org.springframework.beans.factory.BeanCreationException: Could not autowire field: fhkoeln.edb.nftool.service.InternationalizationService fhkoeln.edb.nftool.Exercise.i18nService; nested exception is org.springframework.beans.factory.NoSuchBeanDefinitionException: No matching bean of type [fhkoeln.edb.nftool.service.InternationalizationService] found for dependency: expected at least 1 bean which qualifies as autowire candidate for this dependency. Dependency annotations: {@org.springframework.beans.factory.annotation.Autowired(required=true), @javax.persistence.Transient()}
	at org.springframework.beans.factory.annotation.AutowiredAnnotationBeanPostProcessor$AutowiredFieldElement.inject(AutowiredAnnotationBeanPostProcessor.java:502)
	at org.springframework.beans.factory.annotation.InjectionMetadata.inject(InjectionMetadata.java:84)
	at org.springframework.beans.factory.annotation.AutowiredAnnotationBeanPostProcessor.postProcessPropertyValues(AutowiredAnnotationBeanPostProcessor.java:282)
	... 54 more
Caused by: org.springframework.beans.factory.NoSuchBeanDefinitionException: No matching bean of type [fhkoeln.edb.nftool.service.InternationalizationService] found for dependency: expected at least 1 bean which qualifies as autowire candidate for this dependency. Dependency annotations: {@org.springframework.beans.factory.annotation.Autowired(required=true), @javax.persistence.Transient()}
	at org.springframework.beans.factory.support.DefaultListableBeanFactory.raiseNoSuchBeanDefinitionException(DefaultListableBeanFactory.java:920)
	at org.springframework.beans.factory.support.DefaultListableBeanFactory.doResolveDependency(DefaultListableBeanFactory.java:789)
	at org.springframework.beans.factory.support.DefaultListableBeanFactory.resolveDependency(DefaultListableBeanFactory.java:703)
	at org.springframework.beans.factory.annotation.AutowiredAnnotationBeanPostProcessor$AutowiredFieldElement.inject(AutowiredAnnotationBeanPostProcessor.java:474)
	... 56 more
</error>
  </testcase>
  <testcase time="0.02" classname="fhkoeln.edb.nftool.ExerciseIntegrationTest" name="testMerge">
    <error message="Error creating bean with name &apos;fhkoeln.edb.nftool.Exercise&apos;: Injection of autowired dependencies failed; nested exception is org.springframework.beans.factory.BeanCreationException: Could not autowire field: fhkoeln.edb.nftool.service.InternationalizationService fhkoeln.edb.nftool.Exercise.i18nService; nested exception is org.springframework.beans.factory.NoSuchBeanDefinitionException: No matching bean of type [fhkoeln.edb.nftool.service.InternationalizationService] found for dependency: expected at least 1 bean which qualifies as autowire candidate for this dependency. Dependency annotations: {@org.springframework.beans.factory.annotation.Autowired(required=true), @javax.persistence.Transient()}" type="org.springframework.beans.factory.BeanCreationException">org.springframework.beans.factory.BeanCreationException: Error creating bean with name &apos;fhkoeln.edb.nftool.Exercise&apos;: Injection of autowired dependencies failed; nested exception is org.springframework.beans.factory.BeanCreationException: Could not autowire field: fhkoeln.edb.nftool.service.InternationalizationService fhkoeln.edb.nftool.Exercise.i18nService; nested exception is org.springframework.beans.factory.NoSuchBeanDefinitionException: No matching bean of type [fhkoeln.edb.nftool.service.InternationalizationService] found for dependency: expected at least 1 bean which qualifies as autowire candidate for this dependency. Dependency annotations: {@org.springframework.beans.factory.annotation.Autowired(required=true), @javax.persistence.Transient()}
	at org.springframework.beans.factory.annotation.AutowiredAnnotationBeanPostProcessor.postProcessPropertyValues(AutowiredAnnotationBeanPostProcessor.java:285)
	at org.springframework.beans.factory.support.AbstractAutowireCapableBeanFactory.populateBean(AbstractAutowireCapableBeanFactory.java:1074)
	at org.springframework.beans.factory.support.AbstractAutowireCapableBeanFactory.autowireBeanProperties(AbstractAutowireCapableBeanFactory.java:374)
	at org.springframework.beans.factory.wiring.BeanConfigurerSupport.configureBean(BeanConfigurerSupport.java:140)
	at org.springframework.beans.factory.aspectj.AnnotationBeanConfigurerAspect.configureBean(AnnotationBeanConfigurerAspect.aj:59)
	at org.springframework.beans.factory.aspectj.AbstractDependencyInjectionAspect.ajc$afterReturning$org_springframework_beans_factory_aspectj_AbstractDependencyInjectionAspect$2$1ea6722c(AbstractDependencyInjectionAspect.aj:89)
	at fhkoeln.edb.nftool.Exercise.&lt;init&gt;(Exercise.java:29)
	at fhkoeln.edb.nftool.Exercise_Roo_Entity.entityManager_aroundBody0(Exercise_Roo_Entity.aj:87)
	at fhkoeln.edb.nftool.Exercise_Roo_Entity.ajc$interMethod$fhkoeln_edb_nftool_Exercise_Roo_Entity$fhkoeln_edb_nftool_Exercise$entityManager(Exercise_Roo_Entity.aj:1)
	at fhkoeln.edb.nftool.Exercise.entityManager(Exercise.java:1)
	at fhkoeln.edb.nftool.Exercise_Roo_Entity.ajc$interMethodDispatch1$fhkoeln_edb_nftool_Exercise_Roo_Entity$fhkoeln_edb_nftool_Exercise$entityManager(Exercise_Roo_Entity.aj)
	at fhkoeln.edb.nftool.Exercise_Roo_Entity.findExerciseEntries_aroundBody8(Exercise_Roo_Entity.aj:106)
	at fhkoeln.edb.nftool.Exercise_Roo_Entity.ajc$interMethod$fhkoeln_edb_nftool_Exercise_Roo_Entity$fhkoeln_edb_nftool_Exercise$findExerciseEntries(Exercise_Roo_Entity.aj:1)
	at fhkoeln.edb.nftool.Exercise.findExerciseEntries(Exercise.java:1)
	at fhkoeln.edb.nftool.Exercise_Roo_Entity.ajc$interMethodDispatch1$fhkoeln_edb_nftool_Exercise_Roo_Entity$fhkoeln_edb_nftool_Exercise$findExerciseEntries(Exercise_Roo_Entity.aj)
	at fhkoeln.edb.nftool.ExerciseDataOnDemand_Roo_DataOnDemand.ajc$interMethod$fhkoeln_edb_nftool_ExerciseDataOnDemand_Roo_DataOnDemand$fhkoeln_edb_nftool_ExerciseDataOnDemand$init(ExerciseDataOnDemand_Roo_DataOnDemand.aj:45)
	at fhkoeln.edb.nftool.ExerciseDataOnDemand.init(ExerciseDataOnDemand.java:1)
	at fhkoeln.edb.nftool.ExerciseDataOnDemand_Roo_DataOnDemand.ajc$interMethodDispatch1$fhkoeln_edb_nftool_ExerciseDataOnDemand_Roo_DataOnDemand$fhkoeln_edb_nftool_ExerciseDataOnDemand$init(ExerciseDataOnDemand_Roo_DataOnDemand.aj)
	at fhkoeln.edb.nftool.ExerciseDataOnDemand_Roo_DataOnDemand.ajc$interMethod$fhkoeln_edb_nftool_ExerciseDataOnDemand_Roo_DataOnDemand$fhkoeln_edb_nftool_ExerciseDataOnDemand$getRandomExercise(ExerciseDataOnDemand_Roo_DataOnDemand.aj:35)
	at fhkoeln.edb.nftool.ExerciseDataOnDemand.getRandomExercise(ExerciseDataOnDemand.java:1)
	at fhkoeln.edb.nftool.ExerciseDataOnDemand_Roo_DataOnDemand.ajc$interMethodDispatch1$fhkoeln_edb_nftool_ExerciseDataOnDemand_Roo_DataOnDemand$fhkoeln_edb_nftool_ExerciseDataOnDemand$getRandomExercise(ExerciseDataOnDemand_Roo_DataOnDemand.aj)
	at fhkoeln.edb.nftool.ExerciseIntegrationTest_Roo_IntegrationTest.ajc$interMethod$fhkoeln_edb_nftool_ExerciseIntegrationTest_Roo_IntegrationTest$fhkoeln_edb_nftool_ExerciseIntegrationTest$testMerge(ExerciseIntegrationTest_Roo_IntegrationTest.aj:79)
	at fhkoeln.edb.nftool.ExerciseIntegrationTest.testMerge(ExerciseIntegrationTest.java:1)
	at sun.reflect.NativeMethodAccessorImpl.invoke0(Native Method)
	at sun.reflect.NativeMethodAccessorImpl.invoke(NativeMethodAccessorImpl.java:39)
	at sun.reflect.DelegatingMethodAccessorImpl.invoke(DelegatingMethodAccessorImpl.java:25)
	at java.lang.reflect.Method.invoke(Method.java:597)
	at org.junit.runners.model.FrameworkMethod$1.runReflectiveCall(FrameworkMethod.java:44)
	at org.junit.internal.runners.model.ReflectiveCallable.run(ReflectiveCallable.java:15)
	at org.junit.runners.model.FrameworkMethod.invokeExplosively(FrameworkMethod.java:41)
	at org.junit.internal.runners.statements.InvokeMethod.evaluate(InvokeMethod.java:20)
	at org.springframework.test.context.junit4.statements.RunBeforeTestMethodCallbacks.evaluate(RunBeforeTestMethodCallbacks.java:74)
	at org.springframework.test.context.junit4.statements.RunAfterTestMethodCallbacks.evaluate(RunAfterTestMethodCallbacks.java:82)
	at org.springframework.test.context.junit4.statements.SpringRepeat.evaluate(SpringRepeat.java:72)
	at org.springframework.test.context.junit4.SpringJUnit4ClassRunner.runChild(SpringJUnit4ClassRunner.java:240)
	at org.junit.runners.BlockJUnit4ClassRunner.runChild(BlockJUnit4ClassRunner.java:50)
	at org.junit.runners.ParentRunner$3.run(ParentRunner.java:193)
	at org.junit.runners.ParentRunner$1.schedule(ParentRunner.java:52)
	at org.junit.runners.ParentRunner.runChildren(ParentRunner.java:191)
	at org.junit.runners.ParentRunner.access$000(ParentRunner.java:42)
	at org.junit.runners.ParentRunner$2.evaluate(ParentRunner.java:184)
	at org.springframework.test.context.junit4.statements.RunBeforeTestClassCallbacks.evaluate(RunBeforeTestClassCallbacks.java:61)
	at org.springframework.test.context.junit4.statements.RunAfterTestClassCallbacks.evaluate(RunAfterTestClassCallbacks.java:70)
	at org.junit.runners.ParentRunner.run(ParentRunner.java:236)
	at org.springframework.test.context.junit4.SpringJUnit4ClassRunner.run(SpringJUnit4ClassRunner.java:180)
	at org.apache.maven.surefire.junit4.JUnit4TestSet.execute(JUnit4TestSet.java:59)
	at org.apache.maven.surefire.suite.AbstractDirectoryTestSuite.executeTestSet(AbstractDirectoryTestSuite.java:115)
	at org.apache.maven.surefire.suite.AbstractDirectoryTestSuite.execute(AbstractDirectoryTestSuite.java:102)
	at org.apache.maven.surefire.Surefire.run(Surefire.java:180)
	at sun.reflect.NativeMethodAccessorImpl.invoke0(Native Method)
	at sun.reflect.NativeMethodAccessorImpl.invoke(NativeMethodAccessorImpl.java:39)
	at sun.reflect.DelegatingMethodAccessorImpl.invoke(DelegatingMethodAccessorImpl.java:25)
	at java.lang.reflect.Method.invoke(Method.java:597)
	at org.apache.maven.surefire.booter.SurefireBooter.runSuitesInProcess(SurefireBooter.java:350)
	at org.apache.maven.surefire.booter.SurefireBooter.main(SurefireBooter.java:1021)
Caused by: org.springframework.beans.factory.BeanCreationException: Could not autowire field: fhkoeln.edb.nftool.service.InternationalizationService fhkoeln.edb.nftool.Exercise.i18nService; nested exception is org.springframework.beans.factory.NoSuchBeanDefinitionException: No matching bean of type [fhkoeln.edb.nftool.service.InternationalizationService] found for dependency: expected at least 1 bean which qualifies as autowire candidate for this dependency. Dependency annotations: {@org.springframework.beans.factory.annotation.Autowired(required=true), @javax.persistence.Transient()}
	at org.springframework.beans.factory.annotation.AutowiredAnnotationBeanPostProcessor$AutowiredFieldElement.inject(AutowiredAnnotationBeanPostProcessor.java:502)
	at org.springframework.beans.factory.annotation.InjectionMetadata.inject(InjectionMetadata.java:84)
	at org.springframework.beans.factory.annotation.AutowiredAnnotationBeanPostProcessor.postProcessPropertyValues(AutowiredAnnotationBeanPostProcessor.java:282)
	... 54 more
Caused by: org.springframework.beans.factory.NoSuchBeanDefinitionException: No matching bean of type [fhkoeln.edb.nftool.service.InternationalizationService] found for dependency: expected at least 1 bean which qualifies as autowire candidate for this dependency. Dependency annotations: {@org.springframework.beans.factory.annotation.Autowired(required=true), @javax.persistence.Transient()}
	at org.springframework.beans.factory.support.DefaultListableBeanFactory.raiseNoSuchBeanDefinitionException(DefaultListableBeanFactory.java:920)
	at org.springframework.beans.factory.support.DefaultListableBeanFactory.doResolveDependency(DefaultListableBeanFactory.java:789)
	at org.springframework.beans.factory.support.DefaultListableBeanFactory.resolveDependency(DefaultListableBeanFactory.java:703)
	at org.springframework.beans.factory.annotation.AutowiredAnnotationBeanPostProcessor$AutowiredFieldElement.inject(AutowiredAnnotationBeanPostProcessor.java:474)
	... 56 more
</error>
  </testcase>
  <testcase time="0.009" classname="fhkoeln.edb.nftool.ExerciseIntegrationTest" name="testPersist">
    <error message="Error creating bean with name &apos;fhkoeln.edb.nftool.Exercise&apos;: Injection of autowired dependencies failed; nested exception is org.springframework.beans.factory.BeanCreationException: Could not autowire field: fhkoeln.edb.nftool.service.InternationalizationService fhkoeln.edb.nftool.Exercise.i18nService; nested exception is org.springframework.beans.factory.NoSuchBeanDefinitionException: No matching bean of type [fhkoeln.edb.nftool.service.InternationalizationService] found for dependency: expected at least 1 bean which qualifies as autowire candidate for this dependency. Dependency annotations: {@org.springframework.beans.factory.annotation.Autowired(required=true), @javax.persistence.Transient()}" type="org.springframework.beans.factory.BeanCreationException">org.springframework.beans.factory.BeanCreationException: Error creating bean with name &apos;fhkoeln.edb.nftool.Exercise&apos;: Injection of autowired dependencies failed; nested exception is org.springframework.beans.factory.BeanCreationException: Could not autowire field: fhkoeln.edb.nftool.service.InternationalizationService fhkoeln.edb.nftool.Exercise.i18nService; nested exception is org.springframework.beans.factory.NoSuchBeanDefinitionException: No matching bean of type [fhkoeln.edb.nftool.service.InternationalizationService] found for dependency: expected at least 1 bean which qualifies as autowire candidate for this dependency. Dependency annotations: {@org.springframework.beans.factory.annotation.Autowired(required=true), @javax.persistence.Transient()}
	at org.springframework.beans.factory.annotation.AutowiredAnnotationBeanPostProcessor.postProcessPropertyValues(AutowiredAnnotationBeanPostProcessor.java:285)
	at org.springframework.beans.factory.support.AbstractAutowireCapableBeanFactory.populateBean(AbstractAutowireCapableBeanFactory.java:1074)
	at org.springframework.beans.factory.support.AbstractAutowireCapableBeanFactory.autowireBeanProperties(AbstractAutowireCapableBeanFactory.java:374)
	at org.springframework.beans.factory.wiring.BeanConfigurerSupport.configureBean(BeanConfigurerSupport.java:140)
	at org.springframework.beans.factory.aspectj.AnnotationBeanConfigurerAspect.configureBean(AnnotationBeanConfigurerAspect.aj:59)
	at org.springframework.beans.factory.aspectj.AbstractDependencyInjectionAspect.ajc$afterReturning$org_springframework_beans_factory_aspectj_AbstractDependencyInjectionAspect$2$1ea6722c(AbstractDependencyInjectionAspect.aj:89)
	at fhkoeln.edb.nftool.Exercise.&lt;init&gt;(Exercise.java:29)
	at fhkoeln.edb.nftool.Exercise_Roo_Entity.entityManager_aroundBody0(Exercise_Roo_Entity.aj:87)
	at fhkoeln.edb.nftool.Exercise_Roo_Entity.ajc$interMethod$fhkoeln_edb_nftool_Exercise_Roo_Entity$fhkoeln_edb_nftool_Exercise$entityManager(Exercise_Roo_Entity.aj:1)
	at fhkoeln.edb.nftool.Exercise.entityManager(Exercise.java:1)
	at fhkoeln.edb.nftool.Exercise_Roo_Entity.ajc$interMethodDispatch1$fhkoeln_edb_nftool_Exercise_Roo_Entity$fhkoeln_edb_nftool_Exercise$entityManager(Exercise_Roo_Entity.aj)
	at fhkoeln.edb.nftool.Exercise_Roo_Entity.findExerciseEntries_aroundBody8(Exercise_Roo_Entity.aj:106)
	at fhkoeln.edb.nftool.Exercise_Roo_Entity.ajc$interMethod$fhkoeln_edb_nftool_Exercise_Roo_Entity$fhkoeln_edb_nftool_Exercise$findExerciseEntries(Exercise_Roo_Entity.aj:1)
	at fhkoeln.edb.nftool.Exercise.findExerciseEntries(Exercise.java:1)
	at fhkoeln.edb.nftool.Exercise_Roo_Entity.ajc$interMethodDispatch1$fhkoeln_edb_nftool_Exercise_Roo_Entity$fhkoeln_edb_nftool_Exercise$findExerciseEntries(Exercise_Roo_Entity.aj)
	at fhkoeln.edb.nftool.ExerciseDataOnDemand_Roo_DataOnDemand.ajc$interMethod$fhkoeln_edb_nftool_ExerciseDataOnDemand_Roo_DataOnDemand$fhkoeln_edb_nftool_ExerciseDataOnDemand$init(ExerciseDataOnDemand_Roo_DataOnDemand.aj:45)
	at fhkoeln.edb.nftool.ExerciseDataOnDemand.init(ExerciseDataOnDemand.java:1)
	at fhkoeln.edb.nftool.ExerciseDataOnDemand_Roo_DataOnDemand.ajc$interMethodDispatch1$fhkoeln_edb_nftool_ExerciseDataOnDemand_Roo_DataOnDemand$fhkoeln_edb_nftool_ExerciseDataOnDemand$init(ExerciseDataOnDemand_Roo_DataOnDemand.aj)
	at fhkoeln.edb.nftool.ExerciseDataOnDemand_Roo_DataOnDemand.ajc$interMethod$fhkoeln_edb_nftool_ExerciseDataOnDemand_Roo_DataOnDemand$fhkoeln_edb_nftool_ExerciseDataOnDemand$getRandomExercise(ExerciseDataOnDemand_Roo_DataOnDemand.aj:35)
	at fhkoeln.edb.nftool.ExerciseDataOnDemand.getRandomExercise(ExerciseDataOnDemand.java:1)
	at fhkoeln.edb.nftool.ExerciseDataOnDemand_Roo_DataOnDemand.ajc$interMethodDispatch1$fhkoeln_edb_nftool_ExerciseDataOnDemand_Roo_DataOnDemand$fhkoeln_edb_nftool_ExerciseDataOnDemand$getRandomExercise(ExerciseDataOnDemand_Roo_DataOnDemand.aj)
	at fhkoeln.edb.nftool.ExerciseIntegrationTest_Roo_IntegrationTest.ajc$interMethod$fhkoeln_edb_nftool_ExerciseIntegrationTest_Roo_IntegrationTest$fhkoeln_edb_nftool_ExerciseIntegrationTest$testPersist(ExerciseIntegrationTest_Roo_IntegrationTest.aj:94)
	at fhkoeln.edb.nftool.ExerciseIntegrationTest.testPersist(ExerciseIntegrationTest.java:1)
	at sun.reflect.NativeMethodAccessorImpl.invoke0(Native Method)
	at sun.reflect.NativeMethodAccessorImpl.invoke(NativeMethodAccessorImpl.java:39)
	at sun.reflect.DelegatingMethodAccessorImpl.invoke(DelegatingMethodAccessorImpl.java:25)
	at java.lang.reflect.Method.invoke(Method.java:597)
	at org.junit.runners.model.FrameworkMethod$1.runReflectiveCall(FrameworkMethod.java:44)
	at org.junit.internal.runners.model.ReflectiveCallable.run(ReflectiveCallable.java:15)
	at org.junit.runners.model.FrameworkMethod.invokeExplosively(FrameworkMethod.java:41)
	at org.junit.internal.runners.statements.InvokeMethod.evaluate(InvokeMethod.java:20)
	at org.springframework.test.context.junit4.statements.RunBeforeTestMethodCallbacks.evaluate(RunBeforeTestMethodCallbacks.java:74)
	at org.springframework.test.context.junit4.statements.RunAfterTestMethodCallbacks.evaluate(RunAfterTestMethodCallbacks.java:82)
	at org.springframework.test.context.junit4.statements.SpringRepeat.evaluate(SpringRepeat.java:72)
	at org.springframework.test.context.junit4.SpringJUnit4ClassRunner.runChild(SpringJUnit4ClassRunner.java:240)
	at org.junit.runners.BlockJUnit4ClassRunner.runChild(BlockJUnit4ClassRunner.java:50)
	at org.junit.runners.ParentRunner$3.run(ParentRunner.java:193)
	at org.junit.runners.ParentRunner$1.schedule(ParentRunner.java:52)
	at org.junit.runners.ParentRunner.runChildren(ParentRunner.java:191)
	at org.junit.runners.ParentRunner.access$000(ParentRunner.java:42)
	at org.junit.runners.ParentRunner$2.evaluate(ParentRunner.java:184)
	at org.springframework.test.context.junit4.statements.RunBeforeTestClassCallbacks.evaluate(RunBeforeTestClassCallbacks.java:61)
	at org.springframework.test.context.junit4.statements.RunAfterTestClassCallbacks.evaluate(RunAfterTestClassCallbacks.java:70)
	at org.junit.runners.ParentRunner.run(ParentRunner.java:236)
	at org.springframework.test.context.junit4.SpringJUnit4ClassRunner.run(SpringJUnit4ClassRunner.java:180)
	at org.apache.maven.surefire.junit4.JUnit4TestSet.execute(JUnit4TestSet.java:59)
	at org.apache.maven.surefire.suite.AbstractDirectoryTestSuite.executeTestSet(AbstractDirectoryTestSuite.java:115)
	at org.apache.maven.surefire.suite.AbstractDirectoryTestSuite.execute(AbstractDirectoryTestSuite.java:102)
	at org.apache.maven.surefire.Surefire.run(Surefire.java:180)
	at sun.reflect.NativeMethodAccessorImpl.invoke0(Native Method)
	at sun.reflect.NativeMethodAccessorImpl.invoke(NativeMethodAccessorImpl.java:39)
	at sun.reflect.DelegatingMethodAccessorImpl.invoke(DelegatingMethodAccessorImpl.java:25)
	at java.lang.reflect.Method.invoke(Method.java:597)
	at org.apache.maven.surefire.booter.SurefireBooter.runSuitesInProcess(SurefireBooter.java:350)
	at org.apache.maven.surefire.booter.SurefireBooter.main(SurefireBooter.java:1021)
Caused by: org.springframework.beans.factory.BeanCreationException: Could not autowire field: fhkoeln.edb.nftool.service.InternationalizationService fhkoeln.edb.nftool.Exercise.i18nService; nested exception is org.springframework.beans.factory.NoSuchBeanDefinitionException: No matching bean of type [fhkoeln.edb.nftool.service.InternationalizationService] found for dependency: expected at least 1 bean which qualifies as autowire candidate for this dependency. Dependency annotations: {@org.springframework.beans.factory.annotation.Autowired(required=true), @javax.persistence.Transient()}
	at org.springframework.beans.factory.annotation.AutowiredAnnotationBeanPostProcessor$AutowiredFieldElement.inject(AutowiredAnnotationBeanPostProcessor.java:502)
	at org.springframework.beans.factory.annotation.InjectionMetadata.inject(InjectionMetadata.java:84)
	at org.springframework.beans.factory.annotation.AutowiredAnnotationBeanPostProcessor.postProcessPropertyValues(AutowiredAnnotationBeanPostProcessor.java:282)
	... 54 more
Caused by: org.springframework.beans.factory.NoSuchBeanDefinitionException: No matching bean of type [fhkoeln.edb.nftool.service.InternationalizationService] found for dependency: expected at least 1 bean which qualifies as autowire candidate for this dependency. Dependency annotations: {@org.springframework.beans.factory.annotation.Autowired(required=true), @javax.persistence.Transient()}
	at org.springframework.beans.factory.support.DefaultListableBeanFactory.raiseNoSuchBeanDefinitionException(DefaultListableBeanFactory.java:920)
	at org.springframework.beans.factory.support.DefaultListableBeanFactory.doResolveDependency(DefaultListableBeanFactory.java:789)
	at org.springframework.beans.factory.support.DefaultListableBeanFactory.resolveDependency(DefaultListableBeanFactory.java:703)
	at org.springframework.beans.factory.annotation.AutowiredAnnotationBeanPostProcessor$AutowiredFieldElement.inject(AutowiredAnnotationBeanPostProcessor.java:474)
	... 56 more
</error>
  </testcase>
  <testcase time="0.016" classname="fhkoeln.edb.nftool.ExerciseIntegrationTest" name="testRemove">
    <error message="Error creating bean with name &apos;fhkoeln.edb.nftool.Exercise&apos;: Injection of autowired dependencies failed; nested exception is org.springframework.beans.factory.BeanCreationException: Could not autowire field: fhkoeln.edb.nftool.service.InternationalizationService fhkoeln.edb.nftool.Exercise.i18nService; nested exception is org.springframework.beans.factory.NoSuchBeanDefinitionException: No matching bean of type [fhkoeln.edb.nftool.service.InternationalizationService] found for dependency: expected at least 1 bean which qualifies as autowire candidate for this dependency. Dependency annotations: {@org.springframework.beans.factory.annotation.Autowired(required=true), @javax.persistence.Transient()}" type="org.springframework.beans.factory.BeanCreationException">org.springframework.beans.factory.BeanCreationException: Error creating bean with name &apos;fhkoeln.edb.nftool.Exercise&apos;: Injection of autowired dependencies failed; nested exception is org.springframework.beans.factory.BeanCreationException: Could not autowire field: fhkoeln.edb.nftool.service.InternationalizationService fhkoeln.edb.nftool.Exercise.i18nService; nested exception is org.springframework.beans.factory.NoSuchBeanDefinitionException: No matching bean of type [fhkoeln.edb.nftool.service.InternationalizationService] found for dependency: expected at least 1 bean which qualifies as autowire candidate for this dependency. Dependency annotations: {@org.springframework.beans.factory.annotation.Autowired(required=true), @javax.persistence.Transient()}
	at org.springframework.beans.factory.annotation.AutowiredAnnotationBeanPostProcessor.postProcessPropertyValues(AutowiredAnnotationBeanPostProcessor.java:285)
	at org.springframework.beans.factory.support.AbstractAutowireCapableBeanFactory.populateBean(AbstractAutowireCapableBeanFactory.java:1074)
	at org.springframework.beans.factory.support.AbstractAutowireCapableBeanFactory.autowireBeanProperties(AbstractAutowireCapableBeanFactory.java:374)
	at org.springframework.beans.factory.wiring.BeanConfigurerSupport.configureBean(BeanConfigurerSupport.java:140)
	at org.springframework.beans.factory.aspectj.AnnotationBeanConfigurerAspect.configureBean(AnnotationBeanConfigurerAspect.aj:59)
	at org.springframework.beans.factory.aspectj.AbstractDependencyInjectionAspect.ajc$afterReturning$org_springframework_beans_factory_aspectj_AbstractDependencyInjectionAspect$2$1ea6722c(AbstractDependencyInjectionAspect.aj:89)
	at fhkoeln.edb.nftool.Exercise.&lt;init&gt;(Exercise.java:29)
	at fhkoeln.edb.nftool.Exercise_Roo_Entity.entityManager_aroundBody0(Exercise_Roo_Entity.aj:87)
	at fhkoeln.edb.nftool.Exercise_Roo_Entity.ajc$interMethod$fhkoeln_edb_nftool_Exercise_Roo_Entity$fhkoeln_edb_nftool_Exercise$entityManager(Exercise_Roo_Entity.aj:1)
	at fhkoeln.edb.nftool.Exercise.entityManager(Exercise.java:1)
	at fhkoeln.edb.nftool.Exercise_Roo_Entity.ajc$interMethodDispatch1$fhkoeln_edb_nftool_Exercise_Roo_Entity$fhkoeln_edb_nftool_Exercise$entityManager(Exercise_Roo_Entity.aj)
	at fhkoeln.edb.nftool.Exercise_Roo_Entity.findExerciseEntries_aroundBody8(Exercise_Roo_Entity.aj:106)
	at fhkoeln.edb.nftool.Exercise_Roo_Entity.ajc$interMethod$fhkoeln_edb_nftool_Exercise_Roo_Entity$fhkoeln_edb_nftool_Exercise$findExerciseEntries(Exercise_Roo_Entity.aj:1)
	at fhkoeln.edb.nftool.Exercise.findExerciseEntries(Exercise.java:1)
	at fhkoeln.edb.nftool.Exercise_Roo_Entity.ajc$interMethodDispatch1$fhkoeln_edb_nftool_Exercise_Roo_Entity$fhkoeln_edb_nftool_Exercise$findExerciseEntries(Exercise_Roo_Entity.aj)
	at fhkoeln.edb.nftool.ExerciseDataOnDemand_Roo_DataOnDemand.ajc$interMethod$fhkoeln_edb_nftool_ExerciseDataOnDemand_Roo_DataOnDemand$fhkoeln_edb_nftool_ExerciseDataOnDemand$init(ExerciseDataOnDemand_Roo_DataOnDemand.aj:45)
	at fhkoeln.edb.nftool.ExerciseDataOnDemand.init(ExerciseDataOnDemand.java:1)
	at fhkoeln.edb.nftool.ExerciseDataOnDemand_Roo_DataOnDemand.ajc$interMethodDispatch1$fhkoeln_edb_nftool_ExerciseDataOnDemand_Roo_DataOnDemand$fhkoeln_edb_nftool_ExerciseDataOnDemand$init(ExerciseDataOnDemand_Roo_DataOnDemand.aj)
	at fhkoeln.edb.nftool.ExerciseDataOnDemand_Roo_DataOnDemand.ajc$interMethod$fhkoeln_edb_nftool_ExerciseDataOnDemand_Roo_DataOnDemand$fhkoeln_edb_nftool_ExerciseDataOnDemand$getRandomExercise(ExerciseDataOnDemand_Roo_DataOnDemand.aj:35)
	at fhkoeln.edb.nftool.ExerciseDataOnDemand.getRandomExercise(ExerciseDataOnDemand.java:1)
	at fhkoeln.edb.nftool.ExerciseDataOnDemand_Roo_DataOnDemand.ajc$interMethodDispatch1$fhkoeln_edb_nftool_ExerciseDataOnDemand_Roo_DataOnDemand$fhkoeln_edb_nftool_ExerciseDataOnDemand$getRandomExercise(ExerciseDataOnDemand_Roo_DataOnDemand.aj)
	at fhkoeln.edb.nftool.ExerciseIntegrationTest_Roo_IntegrationTest.ajc$interMethod$fhkoeln_edb_nftool_ExerciseIntegrationTest_Roo_IntegrationTest$fhkoeln_edb_nftool_ExerciseIntegrationTest$testRemove(ExerciseIntegrationTest_Roo_IntegrationTest.aj:105)
	at fhkoeln.edb.nftool.ExerciseIntegrationTest.testRemove(ExerciseIntegrationTest.java:1)
	at sun.reflect.NativeMethodAccessorImpl.invoke0(Native Method)
	at sun.reflect.NativeMethodAccessorImpl.invoke(NativeMethodAccessorImpl.java:39)
	at sun.reflect.DelegatingMethodAccessorImpl.invoke(DelegatingMethodAccessorImpl.java:25)
	at java.lang.reflect.Method.invoke(Method.java:597)
	at org.junit.runners.model.FrameworkMethod$1.runReflectiveCall(FrameworkMethod.java:44)
	at org.junit.internal.runners.model.ReflectiveCallable.run(ReflectiveCallable.java:15)
	at org.junit.runners.model.FrameworkMethod.invokeExplosively(FrameworkMethod.java:41)
	at org.junit.internal.runners.statements.InvokeMethod.evaluate(InvokeMethod.java:20)
	at org.springframework.test.context.junit4.statements.RunBeforeTestMethodCallbacks.evaluate(RunBeforeTestMethodCallbacks.java:74)
	at org.springframework.test.context.junit4.statements.RunAfterTestMethodCallbacks.evaluate(RunAfterTestMethodCallbacks.java:82)
	at org.springframework.test.context.junit4.statements.SpringRepeat.evaluate(SpringRepeat.java:72)
	at org.springframework.test.context.junit4.SpringJUnit4ClassRunner.runChild(SpringJUnit4ClassRunner.java:240)
	at org.junit.runners.BlockJUnit4ClassRunner.runChild(BlockJUnit4ClassRunner.java:50)
	at org.junit.runners.ParentRunner$3.run(ParentRunner.java:193)
	at org.junit.runners.ParentRunner$1.schedule(ParentRunner.java:52)
	at org.junit.runners.ParentRunner.runChildren(ParentRunner.java:191)
	at org.junit.runners.ParentRunner.access$000(ParentRunner.java:42)
	at org.junit.runners.ParentRunner$2.evaluate(ParentRunner.java:184)
	at org.springframework.test.context.junit4.statements.RunBeforeTestClassCallbacks.evaluate(RunBeforeTestClassCallbacks.java:61)
	at org.springframework.test.context.junit4.statements.RunAfterTestClassCallbacks.evaluate(RunAfterTestClassCallbacks.java:70)
	at org.junit.runners.ParentRunner.run(ParentRunner.java:236)
	at org.springframework.test.context.junit4.SpringJUnit4ClassRunner.run(SpringJUnit4ClassRunner.java:180)
	at org.apache.maven.surefire.junit4.JUnit4TestSet.execute(JUnit4TestSet.java:59)
	at org.apache.maven.surefire.suite.AbstractDirectoryTestSuite.executeTestSet(AbstractDirectoryTestSuite.java:115)
	at org.apache.maven.surefire.suite.AbstractDirectoryTestSuite.execute(AbstractDirectoryTestSuite.java:102)
	at org.apache.maven.surefire.Surefire.run(Surefire.java:180)
	at sun.reflect.NativeMethodAccessorImpl.invoke0(Native Method)
	at sun.reflect.NativeMethodAccessorImpl.invoke(NativeMethodAccessorImpl.java:39)
	at sun.reflect.DelegatingMethodAccessorImpl.invoke(DelegatingMethodAccessorImpl.java:25)
	at java.lang.reflect.Method.invoke(Method.java:597)
	at org.apache.maven.surefire.booter.SurefireBooter.runSuitesInProcess(SurefireBooter.java:350)
	at org.apache.maven.surefire.booter.SurefireBooter.main(SurefireBooter.java:1021)
Caused by: org.springframework.beans.factory.BeanCreationException: Could not autowire field: fhkoeln.edb.nftool.service.InternationalizationService fhkoeln.edb.nftool.Exercise.i18nService; nested exception is org.springframework.beans.factory.NoSuchBeanDefinitionException: No matching bean of type [fhkoeln.edb.nftool.service.InternationalizationService] found for dependency: expected at least 1 bean which qualifies as autowire candidate for this dependency. Dependency annotations: {@org.springframework.beans.factory.annotation.Autowired(required=true), @javax.persistence.Transient()}
	at org.springframework.beans.factory.annotation.AutowiredAnnotationBeanPostProcessor$AutowiredFieldElement.inject(AutowiredAnnotationBeanPostProcessor.java:502)
	at org.springframework.beans.factory.annotation.InjectionMetadata.inject(InjectionMetadata.java:84)
	at org.springframework.beans.factory.annotation.AutowiredAnnotationBeanPostProcessor.postProcessPropertyValues(AutowiredAnnotationBeanPostProcessor.java:282)
	... 54 more
Caused by: org.springframework.beans.factory.NoSuchBeanDefinitionException: No matching bean of type [fhkoeln.edb.nftool.service.InternationalizationService] found for dependency: expected at least 1 bean which qualifies as autowire candidate for this dependency. Dependency annotations: {@org.springframework.beans.factory.annotation.Autowired(required=true), @javax.persistence.Transient()}
	at org.springframework.beans.factory.support.DefaultListableBeanFactory.raiseNoSuchBeanDefinitionException(DefaultListableBeanFactory.java:920)
	at org.springframework.beans.factory.support.DefaultListableBeanFactory.doResolveDependency(DefaultListableBeanFactory.java:789)
	at org.springframework.beans.factory.support.DefaultListableBeanFactory.resolveDependency(DefaultListableBeanFactory.java:703)
	at org.springframework.beans.factory.annotation.AutowiredAnnotationBeanPostProcessor$AutowiredFieldElement.inject(AutowiredAnnotationBeanPostProcessor.java:474)
	... 56 more
</error>
  </testcase>
</testsuite>