<?xml version="1.0" encoding="UTF-8" ?>
<testsuite failures="0" time="0.98" errors="0" skipped="0" tests="9" name="fhkoeln.edb.nftool.TaskIntegrationTest">
  <properties>
[...]
</properties>
  <testcase time="0.022" classname="fhkoeln.edb.nftool.TaskIntegrationTest" name="testMarkerMethod"/>
  <testcase time="0.328" classname="fhkoeln.edb.nftool.TaskIntegrationTest" name="testFlush"/>
  <testcase time="0.069" classname="fhkoeln.edb.nftool.TaskIntegrationTest" name="testMerge"/>
  <testcase time="0.083" classname="fhkoeln.edb.nftool.TaskIntegrationTest" name="testPersist"/>
  <testcase time="0.084" classname="fhkoeln.edb.nftool.TaskIntegrationTest" name="testRemove"/>
  <testcase time="0.11" classname="fhkoeln.edb.nftool.TaskIntegrationTest" name="testCountTasks"/>
  <testcase time="0.07" classname="fhkoeln.edb.nftool.TaskIntegrationTest" name="testFindTask"/>
  <testcase time="0.093" classname="fhkoeln.edb.nftool.TaskIntegrationTest" name="testFindAllTasks"/>
  <testcase time="0.109" classname="fhkoeln.edb.nftool.TaskIntegrationTest" name="testFindTaskEntries"/>
</testsuite>